<?xml version="1.0" encoding="UTF-8"?>
<!-- Generated by org.testng.reporters.JUnitReportReporter -->
<testsuite hostname="innoraft-Compaq-15-Notebook-PC" name="basics.LaunchWD" tests="1" failures="0" timestamp="10 Apr 2019 16:09:21 GMT" time="15.329" errors="0">
  <testcase name="getUrl" time="15.329" classname="basics.LaunchWD"/>
</testsuite> <!-- basics.LaunchWD -->
