<?xml version="1.0" encoding="UTF-8"?>
<!-- Generated by org.testng.reporters.JUnitReportReporter -->
<testsuite hostname="innoraft-Compaq-15-Notebook-PC" name="basics.HMS" tests="1" failures="0" timestamp="11 Apr 2019 03:05:47 GMT" time="9.307" errors="0">
  <testcase name="LoginTest" time="9.307" classname="basics.HMS"/>
</testsuite> <!-- basics.HMS -->
